 AS V1.42 Beta [Bld 216] - Source File mdoser_commented.asm - Page 1 - 2026-01-22 11:11:11


       1/       0 :                     
       2/       0 :                     ;****************************************************
       3/       0 :                     ; Program's Code Areas
       4/       0 :                     ;****************************************************
       5/       0 :                     
       6/       0 :                     
       7/    1FFD :                                     ORG     $1FFD
       8/    1FFD :                     
       9/    1FFD : 30 42 20                     FCC '0B ' 
      10/    2000 : 30 31 20                     FCC '01 '
      11/    2003 : 43 4F 4D 4D 41 4E            FCC 'COMMAND SYNTAX ERROR'
             2009 : 44 20 53 59 4E 54 
             200F : 41 58 20 45 52 52 
             2015 : 4F 52             
      12/    2017 : 0D 0A                        FCB  $0d,$0a
      13/    2019 : 30 35 20                     FCC '05 ' 
      14/    201C : 30 32 20                     FCC '02 '
      15/    201F : 4E 41 4D 45 20 52            FCC 'NAME REQUIRED'
             2025 : 45 51 55 49 52 45 
             202B : 44                
      16/    202C : 0D 0A                        FCB  $0d,$0a
      17/    202E : 30 36 20                     FCC '06 ' 
      18/    2031 : 30 33 20                     FCC '03 '
      19/    2034 : 5C 30 20 44 4F 45            FCC '\\0 DOES NOT EXIST'
             203A : 53 20 4E 4F 54 20 
             2040 : 45 58 49 53 54    
      20/    2045 : 0D 0A                        FCB  $0d,$0a
      21/    2047 : 31 42 20                     FCC '1B ' 
      22/    204A : 30 34 20                     FCC '04 '
      23/    204D : 46 49 4C 45 20 4E            FCC 'FILE NAME NOT FOUND'
             2053 : 41 4D 45 20 4E 4F 
             2059 : 54 20 46 4F 55 4E 
             205F : 44                
      24/    2060 : 0D 0A                        FCB  $0d,$0a
      25/    2062 : 30 38 20                     FCC '08 ' 
      26/    2065 : 30 35 20                     FCC '05 '
      27/    2068 : 5C 30 20 44 55 50            FCC '\\0 DUPLICATE FILE NAME'
             206E : 4C 49 43 41 54 45 
             2074 : 20 46 49 4C 45 20 
             207A : 4E 41 4D 45       
      28/    207E : 0D 0A                        FCB  $0d,$0a
      29/    2080 : 31 41 20                     FCC '1A ' 
      30/    2083 : 30 36 20                     FCC '06 '
      31/    2086 : 44 55 50 4C 49 43            FCC 'DUPLICATE FILE NAME'
             208C : 41 54 45 20 46 49 
             2092 : 4C 45 20 4E 41 4D 
             2098 : 45                
      32/    2099 : 0D 0A                        FCB  $0d,$0a
      33/    209B : 30 44 20                     FCC '0D ' 
      34/    209E : 30 37 20                     FCC '07 '
      35/    20A1 : 4F 50 54 49 4F 4E            FCC 'OPTION CONFLICT'
             20A7 : 20 43 4F 4E 46 4C 
             20AD : 49 43 54          
      36/    20B0 : 0D 0A                        FCB  $0d,$0a
      37/    20B2 : 33 30 20                     FCC '30 ' 
      38/    20B5 : 30 38 20                     FCC '08 '
      39/    20B8 : 43 48 41 49 4E 20            FCC 'CHAIN ABORTED BY BREAK KEY'
             20BE : 41 42 4F 52 54 45 
             20C4 : 44 20 42 59 20 42 
             20CA : 52 45 41 4B 20 4B 
 AS V1.42 Beta [Bld 216] - Source File mdoser_commented.asm - Page 2 - 2026-01-22 11:11:11


             20D0 : 45 59             
      40/    20D2 : 0D 0A                        FCB  $0d,$0a
      41/    20D4 : 33 31 20                     FCC '31 ' 
      42/    20D7 : 30 39 20                     FCC '09 '
      43/    20DA : 43 48 41 49 4E 20            FCC 'CHAIN ABORTED BY SYSTEM ERROR STATUS WORD'
             20E0 : 41 42 4F 52 54 45 
             20E6 : 44 20 42 59 20 53 
             20EC : 59 53 54 45 4D 20 
             20F2 : 45 52 52 4F 52 20 
             20F8 : 53 54 41 54 55 53 
             20FE : 20 57 4F 52 44    
      44/    2103 : 0D 0A                        FCB  $0d,$0a
      45/    2105 : 31 43 20                     FCC '1C ' 
      46/    2108 : 31 30 20                     FCC '10 '
      47/    210B : 46 49 4C 45 20 49            FCC 'FILE IS DELETE PROTECTED'
             2111 : 53 20 44 45 4C 45 
             2117 : 54 45 20 50 52 4F 
             211D : 54 45 43 54 45 44 
      48/    2123 : 0D 0A                        FCB  $0d,$0a
      49/    2125 : 32 34 20                     FCC '24 ' 
      50/    2128 : 31 31 20                     FCC '11 '
      51/    212B : 44 45 56 49 43 45            FCC 'DEVICE NOT READY'
             2131 : 20 4E 4F 54 20 52 
             2137 : 45 41 44 59       
      52/    213B : 0D 0A                        FCB  $0d,$0a
      53/    213D : 30 45 20                     FCC '0E ' 
      54/    2140 : 31 32 20                     FCC '12 '
      55/    2143 : 49 4E 56 41 4C 49            FCC 'INVALID TYPE OF OBJECT FILE'
             2149 : 44 20 54 59 50 45 
             214F : 20 4F 46 20 4F 42 
             2155 : 4A 45 43 54 20 46 
             215B : 49 4C 45          
      56/    215E : 0D 0A                        FCB  $0d,$0a
      57/    2160 : 30 46 20                     FCC '0F ' 
      58/    2163 : 31 33 20                     FCC '13 '
      59/    2166 : 49 4E 56 41 4C 49            FCC 'INVALID LOAD ADDRESS'
             216C : 44 20 4C 4F 41 44 
             2172 : 20 41 44 44 52 45 
             2178 : 53 53             
      60/    217A : 0D 0A                        FCB  $0d,$0a
      61/    217C : 31 33 20                     FCC '13 ' 
      62/    217F : 31 34 20                     FCC '14 '
      63/    2182 : 49 4E 56 41 4C 49            FCC 'INVALID FILE TYPE'
             2188 : 44 20 46 49 4C 45 
             218E : 20 54 59 50 45    
      64/    2193 : 0D 0A                        FCB  $0d,$0a
      65/    2195 : 31 46 20                     FCC '1F ' 
      66/    2198 : 31 35 20                     FCC '15 '
      67/    219B : 5C 30 20 48 41 53            FCC '\\0 HAS INVALID FILE TYPE'
             21A1 : 20 49 4E 56 41 4C 
             21A7 : 49 44 20 46 49 4C 
             21AD : 45 20 54 59 50 45 
      68/    21B3 : 0D 0A                        FCB  $0d,$0a
      69/    21B5 : 31 45 20                     FCC '1E ' 
      70/    21B8 : 31 36 20                     FCC '16 '
      71/    21BB : 43 4F 4E 46 4C 49            FCC 'CONFLICTING FILE TYPES'
             21C1 : 43 54 49 4E 47 20 
             21C7 : 46 49 4C 45 20 54 
             21CD : 59 50 45 53       
      72/    21D1 : 0D 0A                        FCB  $0d,$0a
 AS V1.42 Beta [Bld 216] - Source File mdoser_commented.asm - Page 3 - 2026-01-22 11:11:11


      73/    21D3 : 32 37 20                     FCC '27 ' 
      74/    21D6 : 31 37 20                     FCC '17 '
      75/    21D9 : 49 4E 56 41 4C 49            FCC 'INVALID DATA TRANSFER TYPE'
             21DF : 44 20 44 41 54 41 
             21E5 : 20 54 52 41 4E 53 
             21EB : 46 45 52 20 54 59 
             21F1 : 50 45             
      76/    21F3 : 0D 0A                        FCB  $0d,$0a
      77/    21F5 : 32 32 20                     FCC '22 ' 
      78/    21F8 : 31 38 20                     FCC '18 '
      79/    21FB : 44 45 56 49 43 45            FCC 'DEVICE ALREADY RESERVED'
             2201 : 20 41 4C 52 45 41 
             2207 : 44 59 20 52 45 53 
             220D : 45 52 56 45 44    
      80/    2212 : 0D 0A                        FCB  $0d,$0a
      81/    2214 : 32 33 20                     FCC '23 ' 
      82/    2217 : 31 39 20                     FCC '19 '
      83/    221A : 44 45 56 49 43 45            FCC 'DEVICE NOT RESERVED'
             2220 : 20 4E 4F 54 20 52 
             2226 : 45 53 45 52 56 45 
             222C : 44                
      84/    222D : 0D 0A                        FCB  $0d,$0a
      85/    222F : 32 35 20                     FCC '25 ' 
      86/    2232 : 32 30 20                     FCC '20 '
      87/    2235 : 49 4E 56 41 4C 49            FCC 'INVALID OPEN/CLOSED FLAG'
             223B : 44 20 4F 50 45 4E 
             2241 : 2F 43 4C 4F 53 45 
             2247 : 44 20 46 4C 41 47 
      88/    224D : 0D 0A                        FCB  $0d,$0a
      89/    224F : 32 36 20                     FCC '26 ' 
      90/    2252 : 32 31 20                     FCC '21 '
      91/    2255 : 45 4E 44 20 4F 46            FCC 'END OF FILE'
             225B : 20 46 49 4C 45    
      92/    2260 : 0D 0A                        FCB  $0d,$0a
      93/    2262 : 32 39 20                     FCC '29 ' 
      94/    2265 : 32 32 20                     FCC '22 '
      95/    2268 : 42 55 46 46 45 52            FCC 'BUFFER OVERFLOW'
             226E : 20 4F 56 45 52 46 
             2274 : 4C 4F 57          
      96/    2277 : 0D 0A                        FCB  $0d,$0a
      97/    2279 : 32 41 20                     FCC '2A ' 
      98/    227C : 32 33 20                     FCC '23 '
      99/    227F : 43 48 45 43 4B 53            FCC 'CHECKSUM ERROR'
             2285 : 55 4D 20 45 52 52 
             228B : 4F 52             
     100/    228D : 0D 0A                        FCB  $0d,$0a
     101/    228F : 31 35 20                     FCC '15 ' 
     102/    2292 : 32 34 20                     FCC '24 '
     103/    2295 : 4C 4F 47 49 43 41            FCC 'LOGICAL SECTOR NUMBER OUT OF RANGE'
             229B : 4C 20 53 45 43 54 
             22A1 : 4F 52 20 4E 55 4D 
             22A7 : 42 45 52 20 4F 55 
             22AD : 54 20 4F 46 20 52 
             22B3 : 41 4E 47 45       
     104/    22B7 : 0D 0A                        FCB  $0d,$0a
     105/    22B9 : 30 37 20                     FCC '07 ' 
     106/    22BC : 32 35 20                     FCC '25 '
     107/    22BF : 49 4E 56 41 4C 49            FCC 'INVALID FILE NAME'
             22C5 : 44 20 46 49 4C 45 
             22CB : 20 4E 41 4D 45    
 AS V1.42 Beta [Bld 216] - Source File mdoser_commented.asm - Page 4 - 2026-01-22 11:11:11


     108/    22D0 : 0D 0A                        FCB  $0d,$0a
     109/    22D2 : 32 42 20                     FCC '2B ' 
     110/    22D5 : 32 36 20                     FCC '26 '
     111/    22D8 : 46 49 4C 45 20 49            FCC 'FILE IS WRITE PROTECTED'
             22DE : 53 20 57 52 49 54 
             22E4 : 45 20 50 52 4F 54 
             22EA : 45 43 54 45 44    
     112/    22EF : 0D 0A                        FCB  $0d,$0a
     113/    22F1 : 32 30 20                     FCC '20 ' 
     114/    22F4 : 32 37 20                     FCC '27 '
     115/    22F7 : 5C 30 20 49 53 20            FCC '\\0 IS WRITE PROTECTED'
             22FD : 57 52 49 54 45 20 
             2303 : 50 52 4F 54 45 43 
             2309 : 54 45 44          
     116/    230C : 0D 0A                        FCB  $0d,$0a
     117/    230E : 30 39 20                     FCC '09 ' 
     118/    2311 : 32 38 20                     FCC '28 '
     119/    2314 : 44 45 56 49 43 45            FCC 'DEVICE NAME NOT FOUND'
             231A : 20 4E 41 4D 45 20 
             2320 : 4E 4F 54 20 46 4F 
             2326 : 55 4E 44          
     120/    2329 : 0D 0A                        FCB  $0d,$0a
     121/    232B : 30 34 20                     FCC '04 ' 
     122/    232E : 32 39 20                     FCC '29 '
     123/    2331 : 49 4E 56 41 4C 49            FCC 'INVALID LOGICAL UNIT NUMBER'
             2337 : 44 20 4C 4F 47 49 
             233D : 43 41 4C 20 55 4E 
             2343 : 49 54 20 4E 55 4D 
             2349 : 42 45 52          
     124/    234C : 0D 0A                        FCB  $0d,$0a
     125/    234E : 31 32 20                     FCC '12 ' 
     126/    2351 : 33 30 20                     FCC '30 '
     127/    2354 : 49 4E 56 41 4C 49            FCC 'INVALID EXECUTION ADDRESS'
             235A : 44 20 45 58 45 43 
             2360 : 55 54 49 4F 4E 20 
             2366 : 41 44 44 52 45 53 
             236C : 53                
     128/    236D : 0D 0A                        FCB  $0d,$0a
     129/    236F : 30 41 20                     FCC '0A ' 
     130/    2372 : 33 31 20                     FCC '31 '
     131/    2375 : 49 4E 56 41 4C 49            FCC 'INVALID DEVICE'
             237B : 44 20 44 45 56 49 
             2381 : 43 45             
     132/    2383 : 0D 0A                        FCB  $0d,$0a
     133/    2385 : 31 31 20                     FCC '11 ' 
     134/    2388 : 33 32 20                     FCC '32 '
     135/    238B : 49 4E 56 41 4C 49            FCC 'INVALID RIB'
             2391 : 44 20 52 49 42    
     136/    2396 : 0D 0A                        FCB  $0d,$0a
     137/    2398 : 31 44 20                     FCC '1D ' 
     138/    239B : 33 33 20                     FCC '33 '
     139/    239E : 54 4F 4F 20 4D 41            FCC 'TOO MANY SOURCE FILES'
             23A4 : 4E 59 20 53 4F 55 
             23AA : 52 43 45 20 46 49 
             23B0 : 4C 45 53          
     140/    23B3 : 0D 0A                        FCB  $0d,$0a
     141/    23B5 : 31 36 20                     FCC '16 ' 
     142/    23B8 : 33 34 20                     FCC '34 '
     143/    23BB : 49 4E 56 41 4C 49            FCC 'INVALID START/END SPECIFICATIONS'
             23C1 : 44 20 53 54 41 52 
 AS V1.42 Beta [Bld 216] - Source File mdoser_commented.asm - Page 5 - 2026-01-22 11:11:11


             23C7 : 54 2F 45 4E 44 20 
             23CD : 53 50 45 43 49 46 
             23D3 : 49 43 41 54 49 4F 
             23D9 : 4E 53             
     144/    23DB : 0D 0A                        FCB  $0d,$0a
     145/    23DD : 31 37 20                     FCC '17 ' 
     146/    23E0 : 33 35 20                     FCC '35 '
     147/    23E3 : 49 4E 56 41 4C 49            FCC 'INVALID PAGE FORMAT'
             23E9 : 44 20 50 41 47 45 
             23EF : 20 46 4F 52 4D 41 
             23F5 : 54                
     148/    23F6 : 0D 0A                        FCB  $0d,$0a
     149/    23F8 : 31 34 20                     FCC '14 ' 
     150/    23FB : 33 36 20                     FCC '36 '
     151/    23FE : 46 49 4C 45 20 45            FCC 'FILE EXHAUSTED BEFORE LINE FOUND'
             2404 : 58 48 41 55 53 54 
             240A : 45 44 20 42 45 46 
             2410 : 4F 52 45 20 4C 49 
             2416 : 4E 45 20 46 4F 55 
             241C : 4E 44             
     152/    241E : 0D 0A                        FCB  $0d,$0a
     153/    2420 : 32 38 20                     FCC '28 ' 
     154/    2423 : 33 37 20                     FCC '37 '
     155/    2426 : 45 4E 44 20 4F 46            FCC 'END OF MEDIA'
             242C : 20 4D 45 44 49 41 
     156/    2432 : 0D 0A                        FCB  $0d,$0a
     157/    2434 : 31 38 20                     FCC '18 ' 
     158/    2437 : 33 38 20                     FCC '38 '
     159/    243A : 49 4E 56 41 4C 49            FCC 'INVALID LINE NUMBER OR RANGE'
             2440 : 44 20 4C 49 4E 45 
             2446 : 20 4E 55 4D 42 45 
             244C : 52 20 4F 52 20 52 
             2452 : 41 4E 47 45       
     160/    2456 : 0D 0A                        FCB  $0d,$0a
     161/    2458 : 31 39 20                     FCC '19 ' 
     162/    245B : 33 39 20                     FCC '39 '
     163/    245E : 4C 49 4E 45 20 4E            FCC 'LINE NUMBER ENTERED BEFORE SOURCE FILE'
             2464 : 55 4D 42 45 52 20 
             246A : 45 4E 54 45 52 45 
             2470 : 44 20 42 45 46 4F 
             2476 : 52 45 20 53 4F 55 
             247C : 52 43 45 20 46 49 
             2482 : 4C 45             
     164/    2484 : 0D 0A                        FCB  $0d,$0a
     165/    2486 : 30 32 20                     FCC '02 ' 
     166/    2489 : 34 30 20                     FCC '40 '
     167/    248C : 44 49 52 45 43 54            FCC 'DIRECTORY SPACE FULL'
             2492 : 4F 52 59 20 53 50 
             2498 : 41 43 45 20 46 55 
             249E : 4C 4C             
     168/    24A0 : 0D 0A                        FCB  $0d,$0a
     169/    24A2 : 30 33 20                     FCC '03 ' 
     170/    24A5 : 34 31 20                     FCC '41 '
     171/    24A8 : 49 4E 53 55 46 46            FCC 'INSUFFICIENT DISK SPACE'
             24AE : 49 43 49 45 4E 54 
             24B4 : 20 44 49 53 4B 20 
             24BA : 53 50 41 43 45    
     172/    24BF : 0D 0A                        FCB  $0d,$0a
     173/    24C1 : 31 30 20                     FCC '10 ' 
     174/    24C4 : 34 32 20                     FCC '42 '
 AS V1.42 Beta [Bld 216] - Source File mdoser_commented.asm - Page 6 - 2026-01-22 11:11:11


     175/    24C7 : 53 45 47 4D 45 4E            FCC 'SEGMENT DESCRIPTOR SPACE FULL'
             24CD : 54 20 44 45 53 43 
             24D3 : 52 49 50 54 4F 52 
             24D9 : 20 53 50 41 43 45 
             24DF : 20 46 55 4C 4C    
     176/    24E4 : 0D 0A                        FCB  $0d,$0a
     177/    24E6 : 32 43 20                     FCC '2C ' 
     178/    24E9 : 34 33 20                     FCC '43 '
     179/    24EC : 49 4E 56 41 4C 49            FCC 'INVALID DIRECTORY ENTRY NO. AT \\8'
             24F2 : 44 20 44 49 52 45 
             24F8 : 43 54 4F 52 59 20 
             24FE : 45 4E 54 52 59 20 
             2504 : 4E 4F 2E 20 41 54 
             250A : 20 5C 38          
     180/    250D : 0D 0A                        FCB  $0d,$0a
     181/    250F : 32 44 20                     FCC '2D ' 
     182/    2512 : 34 34 20                     FCC '44 '
     183/    2515 : 43 41 4E 4E 4F 54            FCC 'CANNOT DEALLOCATE ALL SPACE, DIRECTORY ENTRY EXISTS AT \\8'
             251B : 20 44 45 41 4C 4C 
             2521 : 4F 43 41 54 45 20 
             2527 : 41 4C 4C 20 53 50 
             252D : 41 43 45 2C 20 44 
             2533 : 49 52 45 43 54 4F 
             2539 : 52 59 20 45 4E 54 
             253F : 52 59 20 45 58 49 
             2545 : 53 54 53 20 41 54 
             254B : 20 5C 38          
     184/    254E : 0D 0A                        FCB  $0d,$0a
     185/    2550 : 32 45 20                     FCC '2E ' 
     186/    2553 : 34 35 20                     FCC '45 '
     187/    2556 : 52 45 43 4F 52 44            FCC 'RECORD LENGTH TOO LARGE'
             255C : 20 4C 45 4E 47 54 
             2562 : 48 20 54 4F 4F 20 
             2568 : 4C 41 52 47 45    
     188/    256D : 0D 0A                        FCB  $0d,$0a
     189/    256F : 30 43 20                     FCC '0C ' 
     190/    2572 : 34 36 20                     FCC '46 '
     191/    2575 : 49 4E 54 45 52 4E            FCC 'INTERNAL SYSTEM ERROR AT \\8'
             257B : 41 4C 20 53 59 53 
             2581 : 54 45 4D 20 45 52 
             2587 : 52 4F 52 20 41 54 
             258D : 20 5C 38          
     192/    2590 : 0D 0A                        FCB  $0d,$0a
     193/    2592 : 32 31 20                     FCC '21 ' 
     194/    2595 : 34 37 20                     FCC '47 '
     195/    2598 : 49 4E 56 41 4C 49            FCC 'INVALID SCALL'
             259E : 44 20 53 43 41 4C 
             25A4 : 4C                
     196/    25A5 : 0D 0A                        FCB  $0d,$0a
     197/    25A7 : 32 46 20                     FCC '2F ' 
     198/    25AA : 34 38 20                     FCC '48 '
     199/    25AD : 43 48 41 49 4E 20            FCC 'CHAIN OVERLAY DOES NOT EXIST'
             25B3 : 4F 56 45 52 4C 41 
             25B9 : 59 20 44 4F 45 53 
             25BF : 20 4E 4F 54 20 45 
             25C5 : 58 49 53 54       
     200/    25C9 : 0D 0A                        FCB  $0d,$0a
     201/    25CB : 33 32 20                     FCC '32 ' 
     202/    25CE : 34 39 20                     FCC '49 '
     203/    25D1 : 43 48 41 49 4E 20            FCC 'CHAIN ABORTED BY ILLEGAL OPERATOR'
 AS V1.42 Beta [Bld 216] - Source File mdoser_commented.asm - Page 7 - 2026-01-22 11:11:11


             25D7 : 41 42 4F 52 54 45 
             25DD : 44 20 42 59 20 49 
             25E3 : 4C 4C 45 47 41 4C 
             25E9 : 20 4F 50 45 52 41 
             25EF : 54 4F 52          
     204/    25F2 : 0D 0A                        FCB  $0d,$0a
     205/    25F4 : 33 33 20                     FCC '33 ' 
     206/    25F7 : 35 30 20                     FCC '50 '
     207/    25FA : 43 48 41 49 4E 20            FCC 'CHAIN ABORTED BY UNDEFINED LABEL'
             2600 : 41 42 4F 52 54 45 
             2606 : 44 20 42 59 20 55 
             260C : 4E 44 45 46 49 4E 
             2612 : 45 44 20 4C 41 42 
             2618 : 45 4C             
     208/    261A : 0D 0A                        FCB  $0d,$0a
     209/    261C : 33 34 20                     FCC '34 ' 
     210/    261F : 35 31 20                     FCC '51 '
     211/    2622 : 43 48 41 49 4E 20            FCC 'CHAIN ABORTED BY PREMATURE END OF FILE'
             2628 : 41 42 4F 52 54 45 
             262E : 44 20 42 59 20 50 
             2634 : 52 45 4D 41 54 55 
             263A : 52 45 20 45 4E 44 
             2640 : 20 4F 46 20 46 49 
             2646 : 4C 45             
     212/    2648 : 0D 0A                        FCB  $0d,$0a
     213/    264A : 33 35 20                     FCC '35 ' 
     214/    264D : 35 32 20                     FCC '52 '
     215/    2650 : 53 45 43 54 4F 52            FCC 'SECTOR BUFFER SIZE ERROR'
             2656 : 20 42 55 46 46 45 
             265C : 52 20 53 49 5A 45 
             2662 : 20 45 52 52 4F 52 
     216/    2668 : 0D 0A                        FCB  $0d,$0a
     217/    266A : 33 36 20                     FCC '36 ' 
     218/    266D : 35 33 20                     FCC '53 '
     219/    2670 : 49 4E 53 55 46 46            FCC 'INSUFFICIENT MEMORY'
             2676 : 49 43 49 45 4E 54 
             267C : 20 4D 45 4D 4F 52 
             2682 : 59                
     220/    2683 : 0D 0A                        FCB  $0d,$0a
     221/    2685 :                     
     222/    2685 :                     ;Z1FFD           FCB     '0,'B,' ,'0,'1,' ,'C,'O  ; 1FFD: 30 42 20 30 31 20 43 4F 
     223/    2685 :                     ;                FCB     'M,'M,'A,'N,'D,' ,'S,'Y  ; 2005: 4D 4D 41 4E 44 20 53 59 
     224/    2685 :                     ;                FCB     'N,'T,'A,'X,' ,'E,'R,'R  ; 200D: 4E 54 41 58 20 45 52 52 
     225/    2685 :                     ;                FCB     'O,'R                    ; 2015: 4F 52          
     226/    2685 :                     ;                FCB     $0d,$0a                  ; 2017: 0D 0A          
     227/    2685 :                     ;                FCB     '0,'5,' ,'0,'2,' ,'N,'A  ; 2019: 30 35 20 30 32 20 4E 41 
     228/    2685 :                     ;                FCB     'M,'E,' ,'R,'E,'Q,'U,'I  ; 2021: 4D 45 20 52 45 51 55 49 
     229/    2685 :                     ;                FCB     'R,'E,'D                 ; 2029: 52 45 44       
     230/    2685 :                     ;                FCB     $0d,$0a                  ; 202C: 0D 0A          
     231/    2685 :                     ;                FCB     '0,'6,' ,'0,'3,' ,'\,'0  ; 202E: 30 36 20 30 33 20 5C 30 
     232/    2685 :                     ;                FCB     ' ,'D,'O,'E,'S,' ,'N,'O  ; 2036: 20 44 4F 45 53 20 4E 4F 
     233/    2685 :                     ;                FCB     'T,' ,'E,'X,'I,'S,'T     ; 203E: 54 20 45 58 49 53 54 
     234/    2685 :                     ;                FCB     $0d,$0a                  ; 2045: 0D 0A          
     235/    2685 :                     ;                FCB     '1,'B,' ,'0,'4,' ,'F,'I  ; 2047: 31 42 20 30 34 20 46 49 
     236/    2685 :                     ;                FCB     'L,'E,' ,'N,'A,'M,'E,'   ; 204F: 4C 45 20 4E 41 4D 45 20 
     237/    2685 :                     ;                FCB     'N,'O,'T,' ,'F,'O,'U,'N  ; 2057: 4E 4F 54 20 46 4F 55 4E 
     238/    2685 :                     ;                FCB     'D                       ; 205F: 44             
     239/    2685 :                     ;                FCB     $0d,$0a                  ; 2060: 0D 0A          
     240/    2685 :                     ;                FCB     '0,'8,' ,'0,'5,' ,'\,'0  ; 2062: 30 38 20 30 35 20 5C 30 
     241/    2685 :                     ;                FCB     ' ,'D,'U,'P,'L,'I,'C,'A  ; 206A: 20 44 55 50 4C 49 43 41 
 AS V1.42 Beta [Bld 216] - Source File mdoser_commented.asm - Page 8 - 2026-01-22 11:11:11


     242/    2685 :                     ;                FCB     'T,'E,' ,'F,'I,'L,'E,'   ; 2072: 54 45 20 46 49 4C 45 20 
     243/    2685 :                     ;                FCB     'N,'A,'M,'E              ; 207A: 4E 41 4D 45    
     244/    2685 :                     ;                FCB     $0d,$0a                  ; 207E: 0D 0A          
     245/    2685 :                     ;                FCB     '1,'A,' ,'0,'6,' ,'D,'U  ; 2080: 31 41 20 30 36 20 44 55 
     246/    2685 :                     ;                FCB     'P,'L,'I,'C,'A,'T,'E,'   ; 2088: 50 4C 49 43 41 54 45 20 
     247/    2685 :                     ;                FCB     'F,'I,'L,'E,' ,'N,'A,'M  ; 2090: 46 49 4C 45 20 4E 41 4D 
     248/    2685 :                     ;                FCB     'E                       ; 2098: 45             
     249/    2685 :                     ;                FCB     $0d,$0a                  ; 2099: 0D 0A          
     250/    2685 :                     ;                FCB     '0,'D,' ,'0,'7,' ,'O,'P  ; 209B: 30 44 20 30 37 20 4F 50 
     251/    2685 :                     ;                FCB     'T,'I,'O,'N,' ,'C,'O,'N  ; 20A3: 54 49 4F 4E 20 43 4F 4E 
     252/    2685 :                     ;                FCB     'F,'L,'I,'C,'T           ; 20AB: 46 4C 49 43 54 
     253/    2685 :                     ;                FCB     $0d,$0a                  ; 20B0: 0D 0A          
     254/    2685 :                     ;                FCB     '3,'0,' ,'0,'8,' ,'C,'H  ; 20B2: 33 30 20 30 38 20 43 48 
     255/    2685 :                     ;                FCB     'A,'I,'N,' ,'A,'B,'O,'R  ; 20BA: 41 49 4E 20 41 42 4F 52 
     256/    2685 :                     ;                FCB     'T,'E,'D,' ,'B,'Y,' ,'B  ; 20C2: 54 45 44 20 42 59 20 42 
     257/    2685 :                     ;                FCB     'R,'E,'A,'K,' ,'K,'E,'Y  ; 20CA: 52 45 41 4B 20 4B 45 59 
     258/    2685 :                     ;                FCB     $0d,$0a                  ; 20D2: 0D 0A          
     259/    2685 :                     ;                FCB     '3,'1,' ,'0,'9,' ,'C,'H  ; 20D4: 33 31 20 30 39 20 43 48 
     260/    2685 :                     ;                FCB     'A,'I,'N,' ,'A,'B,'O,'R  ; 20DC: 41 49 4E 20 41 42 4F 52 
     261/    2685 :                     ;                FCB     'T,'E,'D,' ,'B,'Y,' ,'S  ; 20E4: 54 45 44 20 42 59 20 53 
     262/    2685 :                     ;                FCB     'Y,'S,'T,'E,'M,' ,'E,'R  ; 20EC: 59 53 54 45 4D 20 45 52 
     263/    2685 :                     ;                FCB     'R,'O,'R,' ,'S,'T,'A,'T  ; 20F4: 52 4F 52 20 53 54 41 54 
     264/    2685 :                     ;                FCB     'U,'S,' ,'W,'O,'R,'D     ; 20FC: 55 53 20 57 4F 52 44 
     265/    2685 :                     ;                FCB     $0d,$0a                  ; 2103: 0D 0A          
     266/    2685 :                     ;                FCB     '1,'C,' ,'1,'0,' ,'F,'I  ; 2105: 31 43 20 31 30 20 46 49 
     267/    2685 :                     ;                FCB     'L,'E,' ,'I,'S,' ,'D,'E  ; 210D: 4C 45 20 49 53 20 44 45 
     268/    2685 :                     ;                FCB     'L,'E,'T,'E,' ,'P,'R,'O  ; 2115: 4C 45 54 45 20 50 52 4F 
     269/    2685 :                     ;                FCB     'T,'E,'C,'T,'E,'D        ; 211D: 54 45 43 54 45 44 
     270/    2685 :                     ;                FCB     $0d,$0a                  ; 2123: 0D 0A          
     271/    2685 :                     ;                FCB     '2,'4,' ,'1,'1,' ,'D,'E  ; 2125: 32 34 20 31 31 20 44 45 
     272/    2685 :                     ;                FCB     'V,'I,'C,'E,' ,'N,'O,'T  ; 212D: 56 49 43 45 20 4E 4F 54 
     273/    2685 :                     ;                FCB     ' ,'R,'E,'A,'D,'Y        ; 2135: 20 52 45 41 44 59 
     274/    2685 :                     ;                FCB     $0d,$0a                  ; 213B: 0D 0A          
     275/    2685 :                     ;                FCB     '0,'E,' ,'1,'2,' ,'I,'N  ; 213D: 30 45 20 31 32 20 49 4E 
     276/    2685 :                     ;                FCB     'V,'A,'L,'I,'D,' ,'T,'Y  ; 2145: 56 41 4C 49 44 20 54 59 
     277/    2685 :                     ;                FCB     'P,'E,' ,'O,'F,' ,'O,'B  ; 214D: 50 45 20 4F 46 20 4F 42 
     278/    2685 :                     ;                FCB     'J,'E,'C,'T,' ,'F,'I,'L  ; 2155: 4A 45 43 54 20 46 49 4C 
     279/    2685 :                     ;                FCB     'E                       ; 215D: 45             
     280/    2685 :                     ;                FCB     $0d,$0a                  ; 215E: 0D 0A          
     281/    2685 :                     ;                FCB     '0,'F,' ,'1,'3,' ,'I,'N  ; 2160: 30 46 20 31 33 20 49 4E 
     282/    2685 :                     ;                FCB     'V,'A,'L,'I,'D,' ,'L,'O  ; 2168: 56 41 4C 49 44 20 4C 4F 
     283/    2685 :                     ;                FCB     'A,'D,' ,'A,'D,'D,'R,'E  ; 2170: 41 44 20 41 44 44 52 45 
     284/    2685 :                     ;                FCB     'S,'S                    ; 2178: 53 53          
     285/    2685 :                     ;                FCB     $0d,$0a                  ; 217A: 0D 0A          
     286/    2685 :                     ;                FCB     '1,'3,' ,'1,'4,' ,'I,'N  ; 217C: 31 33 20 31 34 20 49 4E 
     287/    2685 :                     ;                FCB     'V,'A,'L,'I,'D,' ,'F,'I  ; 2184: 56 41 4C 49 44 20 46 49 
     288/    2685 :                     ;                FCB     'L,'E,' ,'T,'Y,'P,'E     ; 218C: 4C 45 20 54 59 50 45 
     289/    2685 :                     ;                FCB     $0d,$0a                  ; 2193: 0D 0A          
     290/    2685 :                     ;                FCB     '1,'F,' ,'1,'5,' ,'\,'0  ; 2195: 31 46 20 31 35 20 5C 30 
     291/    2685 :                     ;                FCB     ' ,'H,'A,'S,' ,'I,'N,'V  ; 219D: 20 48 41 53 20 49 4E 56 
     292/    2685 :                     ;                FCB     'A,'L,'I,'D,' ,'F,'I,'L  ; 21A5: 41 4C 49 44 20 46 49 4C 
     293/    2685 :                     ;                FCB     'E,' ,'T,'Y,'P,'E        ; 21AD: 45 20 54 59 50 45 
     294/    2685 :                     ;                FCB     $0d,$0a                  ; 21B3: 0D 0A          
     295/    2685 :                     ;                FCB     '1,'E,' ,'1,'6,' ,'C,'O  ; 21B5: 31 45 20 31 36 20 43 4F 
     296/    2685 :                     ;                FCB     'N,'F,'L,'I,'C,'T,'I,'N  ; 21BD: 4E 46 4C 49 43 54 49 4E 
     297/    2685 :                     ;                FCB     'G,' ,'F,'I,'L,'E,' ,'T  ; 21C5: 47 20 46 49 4C 45 20 54 
     298/    2685 :                     ;                FCB     'Y,'P,'E,'S              ; 21CD: 59 50 45 53    
     299/    2685 :                     ;                FCB     $0d,$0a                  ; 21D1: 0D 0A          
     300/    2685 :                     ;                FCB     '2,'7,' ,'1,'7,' ,'I,'N  ; 21D3: 32 37 20 31 37 20 49 4E 
     301/    2685 :                     ;                FCB     'V,'A,'L,'I,'D,' ,'D,'A  ; 21DB: 56 41 4C 49 44 20 44 41 
 AS V1.42 Beta [Bld 216] - Source File mdoser_commented.asm - Page 9 - 2026-01-22 11:11:11


     302/    2685 :                     ;                FCB     'T,'A,' ,'T,'R,'A,'N,'S  ; 21E3: 54 41 20 54 52 41 4E 53 
     303/    2685 :                     ;                FCB     'F,'E,'R,' ,'T,'Y,'P,'E  ; 21EB: 46 45 52 20 54 59 50 45 
     304/    2685 :                     ;                FCB     $0d,$0a                  ; 21F3: 0D 0A          
     305/    2685 :                     ;                FCB     '2,'2,' ,'1,'8,' ,'D,'E  ; 21F5: 32 32 20 31 38 20 44 45 
     306/    2685 :                     ;                FCB     'V,'I,'C,'E,' ,'A,'L,'R  ; 21FD: 56 49 43 45 20 41 4C 52 
     307/    2685 :                     ;                FCB     'E,'A,'D,'Y,' ,'R,'E,'S  ; 2205: 45 41 44 59 20 52 45 53 
     308/    2685 :                     ;                FCB     'E,'R,'V,'E,'D           ; 220D: 45 52 56 45 44 
     309/    2685 :                     ;                FCB     $0d,$0a                  ; 2212: 0D 0A          
     310/    2685 :                     ;                FCB     '2,'3,' ,'1,'9,' ,'D,'E  ; 2214: 32 33 20 31 39 20 44 45 
     311/    2685 :                     ;                FCB     'V,'I,'C,'E,' ,'N,'O,'T  ; 221C: 56 49 43 45 20 4E 4F 54 
     312/    2685 :                     ;                FCB     ' ,'R,'E,'S,'E,'R,'V,'E  ; 2224: 20 52 45 53 45 52 56 45 
     313/    2685 :                     ;                FCB     'D                       ; 222C: 44             
     314/    2685 :                     ;                FCB     $0d,$0a                  ; 222D: 0D 0A          
     315/    2685 :                     ;                FCB     '2,'5,' ,'2,'0,' ,'I,'N  ; 222F: 32 35 20 32 30 20 49 4E 
     316/    2685 :                     ;                FCB     'V,'A,'L,'I,'D,' ,'O,'P  ; 2237: 56 41 4C 49 44 20 4F 50 
     317/    2685 :                     ;                FCB     'E,'N,'/,'C,'L,'O,'S,'E  ; 223F: 45 4E 2F 43 4C 4F 53 45 
     318/    2685 :                     ;                FCB     'D,' ,'F,'L,'A,'G        ; 2247: 44 20 46 4C 41 47 
     319/    2685 :                     ;                FCB     $0d,$0a                  ; 224D: 0D 0A          
     320/    2685 :                     ;                FCB     '2,'6,' ,'2,'1,' ,'E,'N  ; 224F: 32 36 20 32 31 20 45 4E 
     321/    2685 :                     ;                FCB     'D,' ,'O,'F,' ,'F,'I,'L  ; 2257: 44 20 4F 46 20 46 49 4C 
     322/    2685 :                     ;                FCB     'E                       ; 225F: 45             
     323/    2685 :                     ;                FCB     $0d,$0a                  ; 2260: 0D 0A          
     324/    2685 :                     ;                FCB     '2,'9,' ,'2,'2,' ,'B,'U  ; 2262: 32 39 20 32 32 20 42 55 
     325/    2685 :                     ;                FCB     'F,'F,'E,'R,' ,'O,'V,'E  ; 226A: 46 46 45 52 20 4F 56 45 
     326/    2685 :                     ;                FCB     'R,'F,'L,'O,'W           ; 2272: 52 46 4C 4F 57 
     327/    2685 :                     ;                FCB     $0d,$0a                  ; 2277: 0D 0A          
     328/    2685 :                     ;                FCB     '2,'A,' ,'2,'3,' ,'C,'H  ; 2279: 32 41 20 32 33 20 43 48 
     329/    2685 :                     ;                FCB     'E,'C,'K,'S,'U,'M,' ,'E  ; 2281: 45 43 4B 53 55 4D 20 45 
     330/    2685 :                     ;                FCB     'R,'R,'O,'R              ; 2289: 52 52 4F 52    
     331/    2685 :                     ;                FCB     $0d,$0a                  ; 228D: 0D 0A          
     332/    2685 :                     ;                FCB     '1,'5,' ,'2,'4,' ,'L,'O  ; 228F: 31 35 20 32 34 20 4C 4F 
     333/    2685 :                     ;                FCB     'G,'I,'C,'A,'L,' ,'S,'E  ; 2297: 47 49 43 41 4C 20 53 45 
     334/    2685 :                     ;                FCB     'C,'T,'O,'R,' ,'N,'U,'M  ; 229F: 43 54 4F 52 20 4E 55 4D 
     335/    2685 :                     ;                FCB     'B,'E,'R,' ,'O,'U,'T,'   ; 22A7: 42 45 52 20 4F 55 54 20 
     336/    2685 :                     ;                FCB     'O,'F,' ,'R,'A,'N,'G,'E  ; 22AF: 4F 46 20 52 41 4E 47 45 
     337/    2685 :                     ;                FCB     $0d,$0a                  ; 22B7: 0D 0A          
     338/    2685 :                     ;                FCB     '0,'7,' ,'2,'5,' ,'I,'N  ; 22B9: 30 37 20 32 35 20 49 4E 
     339/    2685 :                     ;                FCB     'V,'A,'L,'I,'D,' ,'F,'I  ; 22C1: 56 41 4C 49 44 20 46 49 
     340/    2685 :                     ;                FCB     'L,'E,' ,'N,'A,'M,'E     ; 22C9: 4C 45 20 4E 41 4D 45 
     341/    2685 :                     ;                FCB     $0d,$0a                  ; 22D0: 0D 0A          
     342/    2685 :                     ;                FCB     '2,'B,' ,'2,'6,' ,'F,'I  ; 22D2: 32 42 20 32 36 20 46 49 
     343/    2685 :                     ;                FCB     'L,'E,' ,'I,'S,' ,'W,'R  ; 22DA: 4C 45 20 49 53 20 57 52 
     344/    2685 :                     ;                FCB     'I,'T,'E,' ,'P,'R,'O,'T  ; 22E2: 49 54 45 20 50 52 4F 54 
     345/    2685 :                     ;                FCB     'E,'C,'T,'E,'D           ; 22EA: 45 43 54 45 44 
     346/    2685 :                     ;                FCB     $0d,$0a                  ; 22EF: 0D 0A          
     347/    2685 :                     ;                FCB     '2,'0,' ,'2,'7,' ,'\,'0  ; 22F1: 32 30 20 32 37 20 5C 30 
     348/    2685 :                     ;                FCB     ' ,'I,'S,' ,'W,'R,'I,'T  ; 22F9: 20 49 53 20 57 52 49 54 
     349/    2685 :                     ;                FCB     'E,' ,'P,'R,'O,'T,'E,'C  ; 2301: 45 20 50 52 4F 54 45 43 
     350/    2685 :                     ;                FCB     'T,'E,'D                 ; 2309: 54 45 44       
     351/    2685 :                     ;                FCB     $0d,$0a                  ; 230C: 0D 0A          
     352/    2685 :                     ;                FCB     '0,'9,' ,'2,'8,' ,'D,'E  ; 230E: 30 39 20 32 38 20 44 45 
     353/    2685 :                     ;                FCB     'V,'I,'C,'E,' ,'N,'A,'M  ; 2316: 56 49 43 45 20 4E 41 4D 
     354/    2685 :                     ;                FCB     'E,' ,'N,'O,'T,' ,'F,'O  ; 231E: 45 20 4E 4F 54 20 46 4F 
     355/    2685 :                     ;                FCB     'U,'N,'D                 ; 2326: 55 4E 44       
     356/    2685 :                     ;                FCB     $0d,$0a                  ; 2329: 0D 0A          
     357/    2685 :                     ;                FCB     '0,'4,' ,'2,'9,' ,'I,'N  ; 232B: 30 34 20 32 39 20 49 4E 
     358/    2685 :                     ;                FCB     'V,'A,'L,'I,'D,' ,'L,'O  ; 2333: 56 41 4C 49 44 20 4C 4F 
     359/    2685 :                     ;                FCB     'G,'I,'C,'A,'L,' ,'U,'N  ; 233B: 47 49 43 41 4C 20 55 4E 
     360/    2685 :                     ;                FCB     'I,'T,' ,'N,'U,'M,'B,'E  ; 2343: 49 54 20 4E 55 4D 42 45 
     361/    2685 :                     ;                FCB     'R                       ; 234B: 52             
 AS V1.42 Beta [Bld 216] - Source File mdoser_commented.asm - Page 10 - 2026-01-22 11:11:11


     362/    2685 :                     ;                FCB     $0d,$0a                  ; 234C: 0D 0A          
     363/    2685 :                     ;                FCB     '1,'2,' ,'3,'0,' ,'I,'N  ; 234E: 31 32 20 33 30 20 49 4E 
     364/    2685 :                     ;                FCB     'V,'A,'L,'I,'D,' ,'E,'X  ; 2356: 56 41 4C 49 44 20 45 58 
     365/    2685 :                     ;                FCB     'E,'C,'U,'T,'I,'O,'N,'   ; 235E: 45 43 55 54 49 4F 4E 20 
     366/    2685 :                     ;                FCB     'A,'D,'D,'R,'E,'S,'S     ; 2366: 41 44 44 52 45 53 53 
     367/    2685 :                     ;                FCB     $0d,$0a                  ; 236D: 0D 0A          
     368/    2685 :                     ;                FCB     '0,'A,' ,'3,'1,' ,'I,'N  ; 236F: 30 41 20 33 31 20 49 4E 
     369/    2685 :                     ;                FCB     'V,'A,'L,'I,'D,' ,'D,'E  ; 2377: 56 41 4C 49 44 20 44 45 
     370/    2685 :                     ;                FCB     'V,'I,'C,'E              ; 237F: 56 49 43 45    
     371/    2685 :                     ;                FCB     $0d,$0a                  ; 2383: 0D 0A          
     372/    2685 :                     ;                FCB     '1,'1,' ,'3,'2,' ,'I,'N  ; 2385: 31 31 20 33 32 20 49 4E 
     373/    2685 :                     ;                FCB     'V,'A,'L,'I,'D,' ,'R,'I  ; 238D: 56 41 4C 49 44 20 52 49 
     374/    2685 :                     ;                FCB     'B                       ; 2395: 42             
     375/    2685 :                     ;                FCB     $0d,$0a                  ; 2396: 0D 0A          
     376/    2685 :                     ;                FCB     '1,'D,' ,'3,'3,' ,'T,'O  ; 2398: 31 44 20 33 33 20 54 4F 
     377/    2685 :                     ;                FCB     'O,' ,'M,'A,'N,'Y,' ,'S  ; 23A0: 4F 20 4D 41 4E 59 20 53 
     378/    2685 :                     ;                FCB     'O,'U,'R,'C,'E,' ,'F,'I  ; 23A8: 4F 55 52 43 45 20 46 49 
     379/    2685 :                     ;                FCB     'L,'E,'S                 ; 23B0: 4C 45 53       
     380/    2685 :                     ;                FCB     $0d,$0a                  ; 23B3: 0D 0A          
     381/    2685 :                     ;                FCB     '1,'6,' ,'3,'4,' ,'I,'N  ; 23B5: 31 36 20 33 34 20 49 4E 
     382/    2685 :                     ;                FCB     'V,'A,'L,'I,'D,' ,'S,'T  ; 23BD: 56 41 4C 49 44 20 53 54 
     383/    2685 :                     ;                FCB     'A,'R,'T,'/,'E,'N,'D,'   ; 23C5: 41 52 54 2F 45 4E 44 20 
     384/    2685 :                     ;                FCB     'S,'P,'E,'C,'I,'F,'I,'C  ; 23CD: 53 50 45 43 49 46 49 43 
     385/    2685 :                     ;                FCB     'A,'T,'I,'O,'N,'S        ; 23D5: 41 54 49 4F 4E 53 
     386/    2685 :                     ;                FCB     $0d,$0a                  ; 23DB: 0D 0A          
     387/    2685 :                     ;                FCB     '1,'7,' ,'3,'5,' ,'I,'N  ; 23DD: 31 37 20 33 35 20 49 4E 
     388/    2685 :                     ;                FCB     'V,'A,'L,'I,'D,' ,'P,'A  ; 23E5: 56 41 4C 49 44 20 50 41 
     389/    2685 :                     ;                FCB     'G,'E,' ,'F,'O,'R,'M,'A  ; 23ED: 47 45 20 46 4F 52 4D 41 
     390/    2685 :                     ;                FCB     'T                       ; 23F5: 54             
     391/    2685 :                     ;                FCB     $0d,$0a                  ; 23F6: 0D 0A          
     392/    2685 :                     ;                FCB     '1,'4,' ,'3,'6,' ,'F,'I  ; 23F8: 31 34 20 33 36 20 46 49 
     393/    2685 :                     ;                FCB     'L,'E,' ,'E,'X,'H,'A,'U  ; 2400: 4C 45 20 45 58 48 41 55 
     394/    2685 :                     ;                FCB     'S,'T,'E,'D,' ,'B,'E,'F  ; 2408: 53 54 45 44 20 42 45 46 
     395/    2685 :                     ;                FCB     'O,'R,'E,' ,'L,'I,'N,'E  ; 2410: 4F 52 45 20 4C 49 4E 45 
     396/    2685 :                     ;                FCB     ' ,'F,'O,'U,'N,'D        ; 2418: 20 46 4F 55 4E 44 
     397/    2685 :                     ;                FCB     $0d,$0a                  ; 241E: 0D 0A          
     398/    2685 :                     ;                FCB     '2,'8,' ,'3,'7,' ,'E,'N  ; 2420: 32 38 20 33 37 20 45 4E 
     399/    2685 :                     ;                FCB     'D,' ,'O,'F,' ,'M,'E,'D  ; 2428: 44 20 4F 46 20 4D 45 44 
     400/    2685 :                     ;                FCB     'I,'A                    ; 2430: 49 41          
     401/    2685 :                     ;                FCB     $0d,$0a                  ; 2432: 0D 0A          
     402/    2685 :                     ;                FCB     '1,'8,' ,'3,'8,' ,'I,'N  ; 2434: 31 38 20 33 38 20 49 4E 
     403/    2685 :                     ;                FCB     'V,'A,'L,'I,'D,' ,'L,'I  ; 243C: 56 41 4C 49 44 20 4C 49 
     404/    2685 :                     ;                FCB     'N,'E,' ,'N,'U,'M,'B,'E  ; 2444: 4E 45 20 4E 55 4D 42 45 
     405/    2685 :                     ;                FCB     'R,' ,'O,'R,' ,'R,'A,'N  ; 244C: 52 20 4F 52 20 52 41 4E 
     406/    2685 :                     ;                FCB     'G,'E                    ; 2454: 47 45          
     407/    2685 :                     ;                FCB     $0d,$0a                  ; 2456: 0D 0A          
     408/    2685 :                     ;                FCB     '1,'9,' ,'3,'9,' ,'L,'I  ; 2458: 31 39 20 33 39 20 4C 49 
     409/    2685 :                     ;                FCB     'N,'E,' ,'N,'U,'M,'B,'E  ; 2460: 4E 45 20 4E 55 4D 42 45 
     410/    2685 :                     ;                FCB     'R,' ,'E,'N,'T,'E,'R,'E  ; 2468: 52 20 45 4E 54 45 52 45 
     411/    2685 :                     ;                FCB     'D,' ,'B,'E,'F,'O,'R,'E  ; 2470: 44 20 42 45 46 4F 52 45 
     412/    2685 :                     ;                FCB     ' ,'S,'O,'U,'R,'C,'E,'   ; 2478: 20 53 4F 55 52 43 45 20 
     413/    2685 :                     ;                FCB     'F,'I,'L,'E              ; 2480: 46 49 4C 45    
     414/    2685 :                     ;                FCB     $0d,$0a                  ; 2484: 0D 0A          
     415/    2685 :                     ;                FCB     '0,'2,' ,'4,'0,' ,'D,'I  ; 2486: 30 32 20 34 30 20 44 49 
     416/    2685 :                     ;                FCB     'R,'E,'C,'T,'O,'R,'Y,'   ; 248E: 52 45 43 54 4F 52 59 20 
     417/    2685 :                     ;                FCB     'S,'P,'A,'C,'E,' ,'F,'U  ; 2496: 53 50 41 43 45 20 46 55 
     418/    2685 :                     ;                FCB     'L,'L                    ; 249E: 4C 4C          
     419/    2685 :                     ;                FCB     $0d,$0a                  ; 24A0: 0D 0A          
     420/    2685 :                     ;                FCB     '0,'3,' ,'4,'1,' ,'I,'N  ; 24A2: 30 33 20 34 31 20 49 4E 
     421/    2685 :                     ;                FCB     'S,'U,'F,'F,'I,'C,'I,'E  ; 24AA: 53 55 46 46 49 43 49 45 
 AS V1.42 Beta [Bld 216] - Source File mdoser_commented.asm - Page 11 - 2026-01-22 11:11:11


     422/    2685 :                     ;                FCB     'N,'T,' ,'D,'I,'S,'K,'   ; 24B2: 4E 54 20 44 49 53 4B 20 
     423/    2685 :                     ;                FCB     'S,'P,'A,'C,'E           ; 24BA: 53 50 41 43 45 
     424/    2685 :                     ;                FCB     $0d,$0a                  ; 24BF: 0D 0A          
     425/    2685 :                     ;                FCB     '1,'0,' ,'4,'2,' ,'S,'E  ; 24C1: 31 30 20 34 32 20 53 45 
     426/    2685 :                     ;                FCB     'G,'M,'E,'N,'T,' ,'D,'E  ; 24C9: 47 4D 45 4E 54 20 44 45 
     427/    2685 :                     ;                FCB     'S,'C,'R,'I,'P,'T,'O,'R  ; 24D1: 53 43 52 49 50 54 4F 52 
     428/    2685 :                     ;                FCB     ' ,'S,'P,'A,'C,'E,' ,'F  ; 24D9: 20 53 50 41 43 45 20 46 
     429/    2685 :                     ;                FCB     'U,'L,'L                 ; 24E1: 55 4C 4C       
     430/    2685 :                     ;                FCB     $0d,$0a                  ; 24E4: 0D 0A          
     431/    2685 :                     ;                FCB     '2,'C,' ,'4,'3,' ,'I,'N  ; 24E6: 32 43 20 34 33 20 49 4E 
     432/    2685 :                     ;                FCB     'V,'A,'L,'I,'D,' ,'D,'I  ; 24EE: 56 41 4C 49 44 20 44 49 
     433/    2685 :                     ;                FCB     'R,'E,'C,'T,'O,'R,'Y,'   ; 24F6: 52 45 43 54 4F 52 59 20 
     434/    2685 :                     ;                FCB     'E,'N,'T,'R,'Y,' ,'N,'O  ; 24FE: 45 4E 54 52 59 20 4E 4F 
     435/    2685 :                     ;                FCB     '.,' ,'A,'T,' ,'\,'8     ; 2506: 2E 20 41 54 20 5C 38 
     436/    2685 :                     ;                FCB     $0d,$0a                  ; 250D: 0D 0A          
     437/    2685 :                     ;                FCB     '2,'D,' ,'4,'4,' ,'C,'A  ; 250F: 32 44 20 34 34 20 43 41 
     438/    2685 :                     ;                FCB     'N,'N,'O,'T,' ,'D,'E,'A  ; 2517: 4E 4E 4F 54 20 44 45 41 
     439/    2685 :                     ;                FCB     'L,'L,'O,'C,'A,'T,'E,'   ; 251F: 4C 4C 4F 43 41 54 45 20 
     440/    2685 :                     ;                FCB     'A,'L,'L,' ,'S,'P,'A,'C  ; 2527: 41 4C 4C 20 53 50 41 43 
     441/    2685 :                     ;                FCB     'E,',,' ,'D,'I,'R,'E,'C  ; 252F: 45 2C 20 44 49 52 45 43 
     442/    2685 :                     ;                FCB     'T,'O,'R,'Y,' ,'E,'N,'T  ; 2537: 54 4F 52 59 20 45 4E 54 
     443/    2685 :                     ;                FCB     'R,'Y,' ,'E,'X,'I,'S,'T  ; 253F: 52 59 20 45 58 49 53 54 
     444/    2685 :                     ;                FCB     'S,' ,'A,'T,' ,'\,'8     ; 2547: 53 20 41 54 20 5C 38 
     445/    2685 :                     ;                FCB     $0d,$0a                  ; 254E: 0D 0A          
     446/    2685 :                     ;                FCB     '2,'E,' ,'4,'5,' ,'R,'E  ; 2550: 32 45 20 34 35 20 52 45 
     447/    2685 :                     ;                FCB     'C,'O,'R,'D,' ,'L,'E,'N  ; 2558: 43 4F 52 44 20 4C 45 4E 
     448/    2685 :                     ;                FCB     'G,'T,'H,' ,'T,'O,'O,'   ; 2560: 47 54 48 20 54 4F 4F 20 
     449/    2685 :                     ;                FCB     'L,'A,'R,'G,'E           ; 2568: 4C 41 52 47 45 
     450/    2685 :                     ;                FCB     $0d,$0a                  ; 256D: 0D 0A          
     451/    2685 :                     ;                FCB     '0,'C,' ,'4,'6,' ,'I,'N  ; 256F: 30 43 20 34 36 20 49 4E 
     452/    2685 :                     ;                FCB     'T,'E,'R,'N,'A,'L,' ,'S  ; 2577: 54 45 52 4E 41 4C 20 53 
     453/    2685 :                     ;                FCB     'Y,'S,'T,'E,'M,' ,'E,'R  ; 257F: 59 53 54 45 4D 20 45 52 
     454/    2685 :                     ;                FCB     'R,'O,'R,' ,'A,'T,' ,'\  ; 2587: 52 4F 52 20 41 54 20 5C 
     455/    2685 :                     ;                FCB     '8                       ; 258F: 38             
     456/    2685 :                     ;                FCB     $0d,$0a                  ; 2590: 0D 0A          
     457/    2685 :                     ;                FCB     '2,'1,' ,'4,'7,' ,'I,'N  ; 2592: 32 31 20 34 37 20 49 4E 
     458/    2685 :                     ;                FCB     'V,'A,'L,'I,'D,' ,'S,'C  ; 259A: 56 41 4C 49 44 20 53 43 
     459/    2685 :                     ;                FCB     'A,'L,'L                 ; 25A2: 41 4C 4C       
     460/    2685 :                     ;                FCB     $0d,$0a                  ; 25A5: 0D 0A          
     461/    2685 :                     ;                FCB     '2,'F,' ,'4,'8,' ,'C,'H  ; 25A7: 32 46 20 34 38 20 43 48 
     462/    2685 :                     ;                FCB     'A,'I,'N,' ,'O,'V,'E,'R  ; 25AF: 41 49 4E 20 4F 56 45 52 
     463/    2685 :                     ;                FCB     'L,'A,'Y,' ,'D,'O,'E,'S  ; 25B7: 4C 41 59 20 44 4F 45 53 
     464/    2685 :                     ;                FCB     ' ,'N,'O,'T,' ,'E,'X,'I  ; 25BF: 20 4E 4F 54 20 45 58 49 
     465/    2685 :                     ;                FCB     'S,'T                    ; 25C7: 53 54          
     466/    2685 :                     ;                FCB     $0d,$0a                  ; 25C9: 0D 0A          
     467/    2685 :                     ;                FCB     '3,'2,' ,'4,'9,' ,'C,'H  ; 25CB: 33 32 20 34 39 20 43 48 
     468/    2685 :                     ;                FCB     'A,'I,'N,' ,'A,'B,'O,'R  ; 25D3: 41 49 4E 20 41 42 4F 52 
     469/    2685 :                     ;                FCB     'T,'E,'D,' ,'B,'Y,' ,'I  ; 25DB: 54 45 44 20 42 59 20 49 
     470/    2685 :                     ;                FCB     'L,'L,'E,'G,'A,'L,' ,'O  ; 25E3: 4C 4C 45 47 41 4C 20 4F 
     471/    2685 :                     ;                FCB     'P,'E,'R,'A,'T,'O,'R     ; 25EB: 50 45 52 41 54 4F 52 
     472/    2685 :                     ;                FCB     $0d,$0a                  ; 25F2: 0D 0A          
     473/    2685 :                     ;                FCB     '3,'3,' ,'5,'0,' ,'C,'H  ; 25F4: 33 33 20 35 30 20 43 48 
     474/    2685 :                     ;                FCB     'A,'I,'N,' ,'A,'B,'O,'R  ; 25FC: 41 49 4E 20 41 42 4F 52 
     475/    2685 :                     ;                FCB     'T,'E,'D,' ,'B,'Y,' ,'U  ; 2604: 54 45 44 20 42 59 20 55 
     476/    2685 :                     ;                FCB     'N,'D,'E,'F,'I,'N,'E,'D  ; 260C: 4E 44 45 46 49 4E 45 44 
     477/    2685 :                     ;                FCB     ' ,'L,'A,'B,'E,'L        ; 2614: 20 4C 41 42 45 4C 
     478/    2685 :                     ;                FCB     $0d,$0a                  ; 261A: 0D 0A          
     479/    2685 :                     ;                FCB     '3,'4,' ,'5,'1,' ,'C,'H  ; 261C: 33 34 20 35 31 20 43 48 
     480/    2685 :                     ;                FCB     'A,'I,'N,' ,'A,'B,'O,'R  ; 2624: 41 49 4E 20 41 42 4F 52 
     481/    2685 :                     ;                FCB     'T,'E,'D,' ,'B,'Y,' ,'P  ; 262C: 54 45 44 20 42 59 20 50 
 AS V1.42 Beta [Bld 216] - Source File mdoser_commented.asm - Page 12 - 2026-01-22 11:11:11


     482/    2685 :                     ;                FCB     'R,'E,'M,'A,'T,'U,'R,'E  ; 2634: 52 45 4D 41 54 55 52 45 
     483/    2685 :                     ;                FCB     ' ,'E,'N,'D,' ,'O,'F,'   ; 263C: 20 45 4E 44 20 4F 46 20 
     484/    2685 :                     ;                FCB     'F,'I,'L,'E              ; 2644: 46 49 4C 45    
     485/    2685 :                     ;                FCB     $0d,$0a                  ; 2648: 0D 0A          
     486/    2685 :                     ;                FCB     '3,'5,' ,'5,'2,' ,'S,'E  ; 264A: 33 35 20 35 32 20 53 45 
     487/    2685 :                     ;                FCB     'C,'T,'O,'R,' ,'B,'U,'F  ; 2652: 43 54 4F 52 20 42 55 46 
     488/    2685 :                     ;                FCB     'F,'E,'R,' ,'S,'I,'Z,'E  ; 265A: 46 45 52 20 53 49 5A 45 
     489/    2685 :                     ;                FCB     ' ,'E,'R,'R,'O,'R        ; 2662: 20 45 52 52 4F 52 
     490/    2685 :                     ;                FCB     $0d,$0a                  ; 2668: 0D 0A          
     491/    2685 :                     ;                FCB     '3,'6,' ,'5,'3,' ,'I,'N  ; 266A: 33 36 20 35 33 20 49 4E 
     492/    2685 :                     ;                FCB     'S,'U,'F,'F,'I,'C,'I,'E  ; 2672: 53 55 46 46 49 43 49 45 
     493/    2685 :                     ;                FCB     'N,'T,' ,'M,'E,'M,'O,'R  ; 267A: 4E 54 20 4D 45 4D 4F 52 
     494/    2685 :                     ;                FCB     'Y                       ; 2682: 59             
     495/    2685 :                     ;                FCB     $0d,$0a                  ; 2683: 0D 0A          
     496/    2685 :                     ;
     497/    2685 :                     ;
     498/    2685 :                                     END
 AS V1.42 Beta [Bld 216] - Source File mdoser_commented.asm - Page 13 - 2026-01-22 11:11:11


  Symbol Table (* = unused):
  --------------------------

*ARCHITECTURE :                                      "x86_64-unknown-linux" - |
*BIGENDIAN :                      0 - | *BRANCHEXT :                      0 - |
*CASESENSITIVE :                  0 - | *COMPMODE :                       0 - |
*CONSTPI :        3.141592653589793 - | *CUSTOM :                         0 - |
*DATE :                "2026-01-22" - | *FALSE :                          0 - |
*FULLPMMU :                       1 - | *HAS64 :                          1 - |
*HASDSP :                         0 - | *HASFPU :                         0 - |
*HASPMMU :                        0 - | *INEXTMODE :                      0 - |
*INLWORDMODE :                    0 - | *INMAXMODE :                      0 - |
*INSRCMODE :                      0 - | *INSUPMODE :                      0 - |
*LISTON :                         1 - | *MACEXP :                         7 - |
*MOMCPU :                      6800 - | *MOMCPUNAME :                "6800" - |
*NESTMAX :                      100 - | *PACKING :                        0 - |
*PADDING :                        0 - | *RELAXED :                        0 - |
*TIME :                  "11:11:11" - | *TRUE :                           1 - |
*VERSION :                     142F - | *Z80SYNTAX :                      0 - |

     31 symbols
     31 unused symbols

 AS V1.42 Beta [Bld 216] - Source File mdoser_commented.asm - Page 14 - 2026-01-22 11:11:11


  Code Pages:
  ----------

STANDARD (0 changed characters)

1 code page

0.00 seconds assembly time

    499 lines source file
      1 pass
      0 errors
      0 warnings
